<?xml version="1.0" encoding="UTF-8"?>
<!-- Generated by org.testng.reporters.JUnitReportReporter -->
<testsuite hostname="Anuvrats-MacBook-Air.local" failures="0" tests="1" name="diff_authentication_mech.BearerTokenAuth" time="1.058" errors="0" timestamp="2024-07-17T02:14:42 IST" skipped="0">
  <testcase classname="diff_authentication_mech.BearerTokenAuth" name="bearerTokenAuthExample" time="1.058"/>
</testsuite> <!-- diff_authentication_mech.BearerTokenAuth -->
