<?xml version="1.0" encoding="UTF-8"?>
<!-- Generated by org.testng.reporters.JUnitReportReporter -->
<testsuite hostname="Anuvrats-MacBook-Air.local" failures="0" tests="1" name="queryPathParams.QueryAndPathParams" time="1.209" errors="0" timestamp="2024-07-01T01:17:41 IST" skipped="0">
  <testcase classname="queryPathParams.QueryAndPathParams" name="queryAndPathParam" time="1.209"/>
</testsuite> <!-- queryPathParams.QueryAndPathParams -->
