<?xml version="1.0" encoding="UTF-8"?>
<!-- Generated by org.testng.reporters.JUnitReportReporter -->
<testsuite hostname="Anuvrats-MacBook-Air.local" failures="0" tests="1" name="diff_authentication_mech.DigestAuth" time="3.116" errors="0" timestamp="2024-07-17T02:03:07 IST" skipped="0">
  <testcase classname="diff_authentication_mech.DigestAuth" name="digestAuthExample" time="3.116"/>
</testsuite> <!-- diff_authentication_mech.DigestAuth -->
