<?xml version="1.0" encoding="UTF-8"?>
<!-- Generated by org.testng.reporters.JUnitReportReporter -->
<testsuite hostname="Anuvrats-MacBook-Air.local" failures="0" tests="4" name="simpleCRUDOperations.HttpRequests" time="2.414" errors="0" timestamp="2024-06-22T18:39:41 IST" skipped="0">
  <testcase classname="simpleCRUDOperations.HttpRequests" name="getUser" time="0.911"/>
  <testcase classname="simpleCRUDOperations.HttpRequests" name="createUserAndSaveId" time="0.612"/>
  <testcase classname="simpleCRUDOperations.HttpRequests" name="updateUserUsingId" time="0.489"/>
  <testcase classname="simpleCRUDOperations.HttpRequests" name="deleteUserUsingId" time="0.402"/>
</testsuite> <!-- simpleCRUDOperations.HttpRequests -->
