<?xml version="1.0" encoding="UTF-8"?>
<!-- Generated by org.testng.reporters.JUnitReportReporter -->
<testsuite hostname="Anuvrats-MacBook-Air.local" failures="0" tests="1" name="diff_authentication_mech.BasicAuth" time="2.870" errors="0" timestamp="2024-07-17T02:00:04 IST" skipped="0">
  <testcase classname="diff_authentication_mech.BasicAuth" name="basicAuthExample" time="2.870"/>
</testsuite> <!-- diff_authentication_mech.BasicAuth -->
