<?xml version="1.0" encoding="UTF-8"?>
<!-- Generated by org.testng.reporters.JUnitReportReporter -->
<testsuite hostname="Anuvrats-MacBook-Air.local" failures="0" tests="2" name="serializationAndDeserialization.SerializationAndDeserialization" time="0.095" errors="0" timestamp="2024-07-13T01:11:08 IST" skipped="0">
  <testcase classname="serializationAndDeserialization.SerializationAndDeserialization" name="convertPOJOtoJson" time="0.084"/>
  <testcase classname="serializationAndDeserialization.SerializationAndDeserialization" name="convertJSONtoPojo" time="0.011"/>
</testsuite> <!-- serializationAndDeserialization.SerializationAndDeserialization -->
