<?xml version="1.0" encoding="UTF-8"?>
<!-- Generated by org.testng.reporters.JUnitReportReporter -->
<testsuite hostname="Anuvrats-MacBook-Air.local" failures="0" tests="1" name="validateJSONSchema.ValidateJSONSchema" time="0.718" errors="0" timestamp="2024-07-12T01:53:09 IST" skipped="0">
  <testcase classname="validateJSONSchema.ValidateJSONSchema" name="validateJSONSchema1" time="0.718"/>
</testsuite> <!-- validateJSONSchema.ValidateJSONSchema -->
