<?xml version="1.0" encoding="UTF-8"?>
<!-- Generated by org.testng.reporters.JUnitReportReporter -->
<testsuite hostname="Anuvrats-MacBook-Air.local" failures="0" tests="1" name="logging.LoggingExample" time="0.602" errors="0" timestamp="2024-07-01T20:24:10 IST" skipped="0">
  <testcase classname="logging.LoggingExample" name="logging" time="0.602"/>
</testsuite> <!-- logging.LoggingExample -->
