<?xml version="1.0" encoding="UTF-8"?>
<!-- Generated by org.testng.reporters.JUnitReportReporter -->
<testsuite hostname="Anuvrats-MacBook-Air.local" failures="0" tests="1" name="playWithJsonResponse.ValidateJsonResponse" time="0.535" errors="0" timestamp="2024-07-03T23:01:30 IST" skipped="0">
  <testcase classname="playWithJsonResponse.ValidateJsonResponse" name="testJsonResponseViaJSONObjectClass" time="0.535"/>
</testsuite> <!-- playWithJsonResponse.ValidateJsonResponse -->
