<?xml version="1.0" encoding="UTF-8"?>
<!-- Generated by org.testng.reporters.JUnitReportReporter -->
<testsuite hostname="Anuvrats-MacBook-Air.local" failures="0" tests="1" name="diffWaysOfPOSTReq.DiffWaysOfPostReq" time="0.520" errors="0" timestamp="2024-06-30T01:30:51 IST" skipped="0">
  <testcase classname="diffWaysOfPOSTReq.DiffWaysOfPostReq" name="deleteCreatedRecord" time="0.520"/>
</testsuite> <!-- diffWaysOfPOSTReq.DiffWaysOfPostReq -->
