<?xml version="1.0" encoding="UTF-8"?>
<!-- Generated by org.testng.reporters.JUnitReportReporter -->
<testsuite hostname="Anuvrats-MacBook-Air.local" failures="0" tests="2" name="playWithCookies.CookiesAndHeaders" time="1.185" errors="0" timestamp="2024-07-01T20:18:18 IST" skipped="0">
  <testcase classname="playWithCookies.CookiesAndHeaders" name="cookiesAndHeaders" time="0.896"/>
  <testcase classname="playWithCookies.CookiesAndHeaders" name="validateHeaders" time="0.289"/>
</testsuite> <!-- playWithCookies.CookiesAndHeaders -->
